{"name": "test_case_b", "status": "failed", "statusDetails": {"message": "AssertionError: assert 'Facebook – log in or sign up' == 'Facebook'\n  - Facebook – log in or sign up\n  + Facebook", "trace": "setUp = None\n\n    @allure.step\n    def test_case_b(setUp):\n        with allure.step(\"Facebook login\"):\n            logger.info(\"User is entering URL\")\n            driver.get(\"https://www.facebook.com\")\n>           assert driver.title == \"Facebook\"\nE           AssertionError: assert 'Facebook – log in or sign up' == 'Facebook'\nE             - Facebook – log in or sign up\nE             + Facebook\n\nTCPkg/test_allure_fail.py:35: AssertionError"}, "steps": [{"name": "test_case_b", "status": "failed", "statusDetails": {"message": "AssertionError: assert 'Facebook – log in or sign up' == 'Facebook'\n  - Facebook – log in or sign up\n  + Facebook\n", "trace": "  File \"/Library/Frameworks/Python.framework/Versions/3.7/lib/python3.7/site-packages/allure_commons/_allure.py\", line 157, in impl\n    return func(*a, **kw)\n  File \"/Users/aravindanathdm/Documents/Chandrayan3Proj/AllureReport/TCPkg/test_allure_fail.py\", line 35, in test_case_b\n    assert driver.title == \"Facebook\"\n"}, "steps": [{"name": "Facebook login", "status": "failed", "statusDetails": {"message": "AssertionError: assert 'Facebook – log in or sign up' == 'Facebook'\n  - Facebook – log in or sign up\n  + Facebook\n", "trace": "  File \"/Users/aravindanathdm/Documents/Chandrayan3Proj/AllureReport/TCPkg/test_allure_fail.py\", line 35, in test_case_b\n    assert driver.title == \"Facebook\"\n"}, "start": 1574826211960, "stop": 1574826213491}], "parameters": [{"name": "setUp", "value": "None"}], "start": 1574826211960, "stop": 1574826213492}], "attachments": [{"name": "log", "source": "0f2a328c-27a5-4446-b7c1-c19d95b70379-attachment.txt", "type": "text/plain"}], "start": 1574826211959, "stop": 1574826213493, "uuid": "51a4765a-7cf3-4170-9643-b5de210b3f9d", "historyId": "7cfe27487bb081eac7f49548862285b2", "testCaseId": "38e45b05bcd0c1a4416e7d23f0439eb4", "fullName": "TCPkg.test_allure_fail#test_case_b", "labels": [{"name": "parentSuite", "value": "TCPkg"}, {"name": "suite", "value": "test_allure_fail"}, {"name": "host", "value": "Admins-MacBook-Pro-2.local"}, {"name": "thread", "value": "7526-MainThread"}, {"name": "framework", "value": "pytest"}, {"name": "language", "value": "cpython3"}, {"name": "package", "value": "TCPkg.test_allure_fail"}]}