{"name": "test_case_b", "status": "failed", "statusDetails": {"message": "AssertionError: assert 'Facebook – log in or sign up' == 'Facebook'\n  - Facebook – log in or sign up\n  + Facebook", "trace": "setUp = None\n\n    @allure.step\n    def test_case_b(setUp):\n        with allure.step(\"Facebook login\"):\n            logger.info(\"User is entering URL\")\n            driver.get(\"https://www.facebook.com\")\n>           assert driver.title == \"Facebook\"\nE           AssertionError: assert 'Facebook – log in or sign up' == 'Facebook'\nE             - Facebook – log in or sign up\nE             + Facebook\n\ntest_allure_fail.py:35: AssertionError"}, "steps": [{"name": "test_case_b", "status": "failed", "statusDetails": {"message": "AssertionError: assert 'Facebook – log in or sign up' == 'Facebook'\n  - Facebook – log in or sign up\n  + Facebook\n", "trace": "  File \"/Library/Frameworks/Python.framework/Versions/3.7/lib/python3.7/site-packages/allure_commons/_allure.py\", line 157, in impl\n    return func(*a, **kw)\n  File \"/Users/aravindanathdm/Documents/Chandrayan3Proj/AllureReport/test_allure_fail.py\", line 35, in test_case_b\n    assert driver.title == \"Facebook\"\n"}, "steps": [{"name": "Facebook login", "status": "failed", "statusDetails": {"message": "AssertionError: assert 'Facebook – log in or sign up' == 'Facebook'\n  - Facebook – log in or sign up\n  + Facebook\n", "trace": "  File \"/Users/aravindanathdm/Documents/Chandrayan3Proj/AllureReport/test_allure_fail.py\", line 35, in test_case_b\n    assert driver.title == \"Facebook\"\n"}, "start": 1570934811441, "stop": 1570934816793}], "parameters": [{"name": "setUp", "value": "None"}], "start": 1570934811441, "stop": 1570934816794}], "attachments": [{"name": "log", "source": "2a914ee1-6ed0-4b3e-9a26-a72bda366fd9-attachment.txt", "type": "text/plain"}], "start": 1570934811440, "stop": 1570934816795, "uuid": "a20fb9b6-dd33-401f-9b78-2f995d77a836", "historyId": "7ecc549e761dde35865163f2a412230f", "testCaseId": "585c5bbd2d9e1c4e86722db1699e538e", "fullName": "test_allure_fail#test_case_b", "labels": [{"name": "suite", "value": "test_allure_fail"}, {"name": "host", "value": "Admins-MacBook-Pro-2.local"}, {"name": "thread", "value": "8562-MainThread"}, {"name": "framework", "value": "pytest"}, {"name": "language", "value": "cpython3"}, {"name": "package", "value": "test_allure_fail"}]}